{"contracts/interfaces/IUniswapV3Staker.sol":{"l":{},"path":"/Users/bohdan_pukhno/SmartContracts/Swarm/staker/contracts/interfaces/IUniswapV3Staker.sol","s":{},"b":{},"f":{},"fnMap":{},"statementMap":{},"branchMap":{}},"contracts/libraries/IncentiveId.sol":{"l":{"12":233},"path":"/Users/bohdan_pukhno/SmartContracts/Swarm/staker/contracts/libraries/IncentiveId.sol","s":{"1":233},"b":{},"f":{"1":233},"fnMap":{"1":{"name":"compute","line":11,"loc":{"start":{"line":11,"column":4},"end":{"line":13,"column":4}}}},"statementMap":{"1":{"start":{"line":12,"column":8},"end":{"line":12,"column":41}}},"branchMap":{}},"contracts/libraries/NFTPositionInfo.sol":{"l":{"33":57,"34":57,"35":57,"36":57,"40":57},"path":"/Users/bohdan_pukhno/SmartContracts/Swarm/staker/contracts/libraries/NFTPositionInfo.sol","s":{"1":57,"2":57,"3":57,"4":57,"5":57},"b":{},"f":{"1":57},"fnMap":{"1":{"name":"getPositionInfo","line":19,"loc":{"start":{"line":19,"column":4},"end":{"line":46,"column":4}}}},"statementMap":{"1":{"start":{"line":33,"column":8},"end":{"line":33,"column":22}},"2":{"start":{"line":34,"column":8},"end":{"line":34,"column":22}},"3":{"start":{"line":35,"column":8},"end":{"line":35,"column":18}},"4":{"start":{"line":36,"column":8},"end":{"line":36,"column":1405}},"5":{"start":{"line":40,"column":8},"end":{"line":40,"column":1552}}},"branchMap":{}},"contracts/libraries/RewardMath.sol":{"l":{"41":53,"44":52,"46":52,"49":52,"51":52,"52":35,"54":17},"path":"/Users/bohdan_pukhno/SmartContracts/Swarm/staker/contracts/libraries/RewardMath.sol","s":{"1":53,"2":52,"3":52,"4":52,"5":52,"6":35,"7":17},"b":{"1":[35,17]},"f":{"1":53},"fnMap":{"1":{"name":"computeRewardAmount","line":39,"loc":{"start":{"line":39,"column":4},"end":{"line":56,"column":4}}}},"statementMap":{"1":{"start":{"line":41,"column":8},"end":{"line":41,"column":53}},"2":{"start":{"line":44,"column":8},"end":{"line":44,"column":130}},"3":{"start":{"line":46,"column":8},"end":{"line":46,"column":2750}},"4":{"start":{"line":49,"column":8},"end":{"line":49,"column":109}},"5":{"start":{"line":51,"column":8},"end":{"line":51,"column":2918}},"6":{"start":{"line":52,"column":12},"end":{"line":52,"column":29}},"7":{"start":{"line":54,"column":12},"end":{"line":54,"column":107}}},"branchMap":{"1":{"line":51,"type":"if","locations":[{"start":{"line":51,"column":8},"end":{"line":51,"column":8}},{"start":{"line":51,"column":8},"end":{"line":51,"column":8}}]}}},"contracts/libraries/TransferHelperExtended.sol":{"l":{"22":75,"23":74,"36":37,"37":37},"path":"/Users/bohdan_pukhno/SmartContracts/Swarm/staker/contracts/libraries/TransferHelperExtended.sol","s":{"1":75,"2":74,"3":37,"4":37},"b":{"1":[74,1],"2":[37,0]},"f":{"1":75,"2":37},"fnMap":{"1":{"name":"safeTransferFrom","line":16,"loc":{"start":{"line":16,"column":4},"end":{"line":24,"column":4}}},"2":{"name":"safeTransfer","line":31,"loc":{"start":{"line":31,"column":4},"end":{"line":38,"column":4}}}},"statementMap":{"1":{"start":{"line":22,"column":8},"end":{"line":22,"column":100}},"2":{"start":{"line":23,"column":8},"end":{"line":23,"column":62}},"3":{"start":{"line":36,"column":8},"end":{"line":36,"column":96}},"4":{"start":{"line":37,"column":8},"end":{"line":37,"column":52}}},"branchMap":{"1":{"line":22,"type":"if","locations":[{"start":{"line":22,"column":8},"end":{"line":22,"column":8}},{"start":{"line":22,"column":8},"end":{"line":22,"column":8}}]},"2":{"line":36,"type":"if","locations":[{"start":{"line":36,"column":8},"end":{"line":36,"column":8}},{"start":{"line":36,"column":8},"end":{"line":36,"column":8}}]}}},"contracts/UniswapV3Staker.sol":{"l":{"70":63,"71":63,"72":63,"73":63,"74":63,"75":17,"93":27,"94":27,"95":27,"96":27,"101":81,"102":80,"106":79,"110":78,"111":77,"116":76,"121":75,"127":75,"129":75,"131":75,"133":74,"138":10,"140":9,"141":9,"143":9,"145":9,"146":8,"152":7,"153":7,"154":7,"158":7,"170":727,"175":726,"177":726,"178":510,"180":510,"181":8,"182":5,"184":3,"185":1,"186":2,"190":506,"195":5,"196":4,"197":4,"198":4,"199":3,"200":3,"209":28,"210":28,"211":28,"212":27,"214":25,"215":25,"217":25,"222":57,"224":56,"229":46,"231":46,"232":13,"238":44,"240":44,"242":44,"244":42,"246":42,"247":42,"249":42,"251":42,"268":42,"270":42,"273":42,"274":16,"278":42,"280":42,"281":42,"282":42,"283":42,"284":42,"285":42,"294":30,"295":30,"296":1,"299":30,"300":30,"302":30,"312":3,"314":3,"315":3,"317":2,"318":2,"320":2,"323":2,"342":63,"343":62,"345":61,"347":61,"351":58,"356":57,"359":57,"360":56,"362":55,"363":55,"365":55,"367":55,"368":6,"375":49,"376":49,"377":49,"378":49,"381":55},"path":"/Users/bohdan_pukhno/SmartContracts/Swarm/staker/contracts/UniswapV3Staker.sol","s":{"1":63,"2":63,"3":63,"4":63,"5":63,"6":17,"7":27,"8":27,"9":27,"10":27,"11":81,"12":80,"13":79,"14":78,"15":77,"16":76,"17":75,"18":75,"19":75,"20":75,"21":74,"22":10,"23":9,"24":9,"25":9,"26":9,"27":8,"28":7,"29":7,"30":7,"31":7,"32":727,"33":726,"34":726,"35":510,"36":510,"37":8,"38":5,"39":3,"40":1,"41":2,"42":506,"43":5,"44":4,"45":4,"46":4,"47":3,"48":3,"49":28,"50":28,"51":28,"52":27,"53":25,"54":25,"55":57,"56":56,"57":46,"58":46,"59":13,"60":44,"61":44,"62":44,"63":42,"64":42,"65":42,"66":42,"67":42,"68":42,"69":16,"70":42,"71":42,"72":42,"73":42,"74":30,"75":30,"76":1,"77":30,"78":30,"79":30,"80":3,"81":3,"82":3,"83":2,"84":2,"85":2,"86":2,"87":63,"88":62,"89":61,"90":61,"91":58,"92":57,"93":57,"94":56,"95":55,"96":55,"97":6,"98":49,"99":49,"100":49,"101":49,"102":55},"b":{"1":[17,46],"2":[80,1],"3":[79,1],"4":[78,1],"5":[77,1],"6":[76,1],"7":[75,1],"8":[75,0],"9":[9,1],"10":[8,1],"11":[7,1],"12":[726,1],"13":[8,502],"14":[5,3],"15":[4,1],"16":[4,0],"17":[3,1],"18":[28,0],"19":[27,1],"20":[25,2],"21":[56,1],"22":[13,33],"23":[11,2],"24":[42,2],"25":[16,26],"26":[16,26],"27":[1,29],"28":[2,1],"29":[62,1],"30":[61,1],"31":[58,3],"32":[57,1],"33":[56,1],"34":[55,1],"35":[6,49]},"f":{"1":63,"2":27,"3":81,"4":10,"5":727,"6":5,"7":28,"8":57,"9":46,"10":30,"11":3,"12":63},"fnMap":{"1":{"name":"stakes","line":64,"loc":{"start":{"line":64,"column":4},"end":{"line":77,"column":4}}},"2":{"name":"constructor","line":87,"loc":{"start":{"line":87,"column":4},"end":{"line":97,"column":4}}},"3":{"name":"createIncentive","line":100,"loc":{"start":{"line":100,"column":4},"end":{"line":134,"column":4}}},"4":{"name":"endIncentive","line":137,"loc":{"start":{"line":137,"column":4},"end":{"line":159,"column":4}}},"5":{"name":"onERC721Received","line":164,"loc":{"start":{"line":164,"column":4},"end":{"line":191,"column":4}}},"6":{"name":"transferDeposit","line":194,"loc":{"start":{"line":194,"column":4},"end":{"line":201,"column":4}}},"7":{"name":"withdrawToken","line":204,"loc":{"start":{"line":204,"column":4},"end":{"line":218,"column":4}}},"8":{"name":"stakeToken","line":221,"loc":{"start":{"line":221,"column":4},"end":{"line":225,"column":4}}},"9":{"name":"unstakeToken","line":228,"loc":{"start":{"line":228,"column":4},"end":{"line":286,"column":4}}},"10":{"name":"claimReward","line":289,"loc":{"start":{"line":289,"column":4},"end":{"line":303,"column":4}}},"11":{"name":"getRewardInfo","line":306,"loc":{"start":{"line":306,"column":4},"end":{"line":338,"column":4}}},"12":{"name":"_stakeToken","line":341,"loc":{"start":{"line":341,"column":4},"end":{"line":382,"column":4}}}},"statementMap":{"1":{"start":{"line":70,"column":8},"end":{"line":70,"column":59}},"2":{"start":{"line":71,"column":8},"end":{"line":71,"column":88}},"3":{"start":{"line":72,"column":8},"end":{"line":72,"column":56}},"4":{"start":{"line":73,"column":8},"end":{"line":73,"column":44}},"5":{"start":{"line":74,"column":8},"end":{"line":74,"column":2718}},"6":{"start":{"line":75,"column":12},"end":{"line":75,"column":48}},"7":{"start":{"line":93,"column":8},"end":{"line":93,"column":25}},"8":{"start":{"line":94,"column":8},"end":{"line":94,"column":63}},"9":{"start":{"line":95,"column":8},"end":{"line":95,"column":61}},"10":{"start":{"line":96,"column":8},"end":{"line":96,"column":51}},"11":{"start":{"line":101,"column":8},"end":{"line":101,"column":87}},"12":{"start":{"line":102,"column":8},"end":{"line":102,"column":3980}},"13":{"start":{"line":106,"column":8},"end":{"line":106,"column":4142}},"14":{"start":{"line":110,"column":8},"end":{"line":110,"column":115}},"15":{"start":{"line":111,"column":8},"end":{"line":111,"column":4441}},"16":{"start":{"line":116,"column":8},"end":{"line":116,"column":4614}},"17":{"start":{"line":121,"column":8},"end":{"line":121,"column":4797}},"18":{"start":{"line":127,"column":8},"end":{"line":127,"column":54}},"19":{"start":{"line":129,"column":8},"end":{"line":129,"column":61}},"20":{"start":{"line":131,"column":8},"end":{"line":131,"column":107}},"21":{"start":{"line":133,"column":8},"end":{"line":133,"column":125}},"22":{"start":{"line":138,"column":8},"end":{"line":138,"column":117}},"23":{"start":{"line":140,"column":8},"end":{"line":140,"column":54}},"24":{"start":{"line":141,"column":8},"end":{"line":141,"column":61}},"25":{"start":{"line":143,"column":8},"end":{"line":143,"column":76}},"26":{"start":{"line":145,"column":8},"end":{"line":145,"column":80}},"27":{"start":{"line":146,"column":8},"end":{"line":146,"column":5852}},"28":{"start":{"line":152,"column":8},"end":{"line":152,"column":41}},"29":{"start":{"line":153,"column":8},"end":{"line":153,"column":38}},"30":{"start":{"line":154,"column":8},"end":{"line":154,"column":90}},"31":{"start":{"line":158,"column":8},"end":{"line":158,"column":48}},"32":{"start":{"line":170,"column":8},"end":{"line":170,"column":6740}},"33":{"start":{"line":175,"column":8},"end":{"line":175,"column":110}},"34":{"start":{"line":177,"column":8},"end":{"line":177,"column":112}},"35":{"start":{"line":178,"column":8},"end":{"line":178,"column":58}},"36":{"start":{"line":180,"column":8},"end":{"line":180,"column":7186}},"37":{"start":{"line":181,"column":12},"end":{"line":181,"column":7225}},"38":{"start":{"line":182,"column":16},"end":{"line":182,"column":69}},"39":{"start":{"line":184,"column":16},"end":{"line":184,"column":79}},"40":{"start":{"line":185,"column":16},"end":{"line":185,"column":7445}},"41":{"start":{"line":186,"column":20},"end":{"line":186,"column":48}},"42":{"start":{"line":190,"column":8},"end":{"line":190,"column":45}},"43":{"start":{"line":195,"column":8},"end":{"line":195,"column":109}},"44":{"start":{"line":196,"column":8},"end":{"line":196,"column":116}},"45":{"start":{"line":197,"column":8},"end":{"line":197,"column":47}},"46":{"start":{"line":198,"column":8},"end":{"line":198,"column":108}},"47":{"start":{"line":199,"column":8},"end":{"line":199,"column":35}},"48":{"start":{"line":200,"column":8},"end":{"line":200,"column":51}},"49":{"start":{"line":209,"column":8},"end":{"line":209,"column":96}},"50":{"start":{"line":210,"column":8},"end":{"line":210,"column":50}},"51":{"start":{"line":211,"column":8},"end":{"line":211,"column":113}},"52":{"start":{"line":212,"column":8},"end":{"line":212,"column":108}},"53":{"start":{"line":215,"column":8},"end":{"line":215,"column":67}},"54":{"start":{"line":217,"column":8},"end":{"line":217,"column":84}},"55":{"start":{"line":222,"column":8},"end":{"line":222,"column":112}},"56":{"start":{"line":224,"column":8},"end":{"line":224,"column":32}},"57":{"start":{"line":229,"column":8},"end":{"line":229,"column":50}},"58":{"start":{"line":231,"column":8},"end":{"line":231,"column":9534}},"59":{"start":{"line":232,"column":12},"end":{"line":232,"column":9587}},"60":{"start":{"line":238,"column":8},"end":{"line":238,"column":54}},"61":{"start":{"line":240,"column":8},"end":{"line":240,"column":133}},"62":{"start":{"line":242,"column":8},"end":{"line":242,"column":85}},"63":{"start":{"line":244,"column":8},"end":{"line":244,"column":61}},"64":{"start":{"line":249,"column":8},"end":{"line":249,"column":10279}},"65":{"start":{"line":251,"column":8},"end":{"line":251,"column":10369}},"66":{"start":{"line":268,"column":8},"end":{"line":268,"column":61}},"67":{"start":{"line":270,"column":8},"end":{"line":270,"column":50}},"68":{"start":{"line":273,"column":8},"end":{"line":273,"column":11405}},"69":{"start":{"line":274,"column":12},"end":{"line":274,"column":60}},"70":{"start":{"line":278,"column":8},"end":{"line":278,"column":56}},"71":{"start":{"line":280,"column":8},"end":{"line":280,"column":59}},"72":{"start":{"line":284,"column":8},"end":{"line":284,"column":75}},"73":{"start":{"line":285,"column":8},"end":{"line":285,"column":48}},"74":{"start":{"line":294,"column":8},"end":{"line":294,"column":48}},"75":{"start":{"line":295,"column":8},"end":{"line":295,"column":12256}},"76":{"start":{"line":296,"column":12},"end":{"line":296,"column":35}},"77":{"start":{"line":299,"column":8},"end":{"line":299,"column":49}},"78":{"start":{"line":300,"column":8},"end":{"line":300,"column":76}},"79":{"start":{"line":302,"column":8},"end":{"line":302,"column":51}},"80":{"start":{"line":312,"column":8},"end":{"line":312,"column":54}},"81":{"start":{"line":314,"column":8},"end":{"line":314,"column":133}},"82":{"start":{"line":315,"column":8},"end":{"line":315,"column":85}},"83":{"start":{"line":317,"column":8},"end":{"line":317,"column":50}},"84":{"start":{"line":318,"column":8},"end":{"line":318,"column":60}},"85":{"start":{"line":320,"column":8},"end":{"line":320,"column":13271}},"86":{"start":{"line":323,"column":8},"end":{"line":323,"column":13356}},"87":{"start":{"line":342,"column":8},"end":{"line":342,"column":102}},"88":{"start":{"line":343,"column":8},"end":{"line":343,"column":93}},"89":{"start":{"line":345,"column":8},"end":{"line":345,"column":54}},"90":{"start":{"line":347,"column":8},"end":{"line":347,"column":14349}},"91":{"start":{"line":351,"column":8},"end":{"line":351,"column":14505}},"92":{"start":{"line":356,"column":8},"end":{"line":356,"column":14747}},"93":{"start":{"line":359,"column":8},"end":{"line":359,"column":101}},"94":{"start":{"line":360,"column":8},"end":{"line":360,"column":97}},"95":{"start":{"line":365,"column":8},"end":{"line":365,"column":126}},"96":{"start":{"line":367,"column":8},"end":{"line":367,"column":15272}},"97":{"start":{"line":368,"column":12},"end":{"line":368,"column":15326}},"98":{"start":{"line":375,"column":12},"end":{"line":375,"column":63}},"99":{"start":{"line":376,"column":12},"end":{"line":376,"column":85}},"100":{"start":{"line":377,"column":12},"end":{"line":377,"column":53}},"101":{"start":{"line":378,"column":12},"end":{"line":378,"column":56}},"102":{"start":{"line":381,"column":8},"end":{"line":381,"column":57}}},"branchMap":{"1":{"line":74,"type":"if","locations":[{"start":{"line":74,"column":8},"end":{"line":74,"column":8}},{"start":{"line":74,"column":8},"end":{"line":74,"column":8}}]},"2":{"line":101,"type":"if","locations":[{"start":{"line":101,"column":8},"end":{"line":101,"column":8}},{"start":{"line":101,"column":8},"end":{"line":101,"column":8}}]},"3":{"line":102,"type":"if","locations":[{"start":{"line":102,"column":8},"end":{"line":102,"column":8}},{"start":{"line":102,"column":8},"end":{"line":102,"column":8}}]},"4":{"line":106,"type":"if","locations":[{"start":{"line":106,"column":8},"end":{"line":106,"column":8}},{"start":{"line":106,"column":8},"end":{"line":106,"column":8}}]},"5":{"line":110,"type":"if","locations":[{"start":{"line":110,"column":8},"end":{"line":110,"column":8}},{"start":{"line":110,"column":8},"end":{"line":110,"column":8}}]},"6":{"line":111,"type":"if","locations":[{"start":{"line":111,"column":8},"end":{"line":111,"column":8}},{"start":{"line":111,"column":8},"end":{"line":111,"column":8}}]},"7":{"line":116,"type":"if","locations":[{"start":{"line":116,"column":8},"end":{"line":116,"column":8}},{"start":{"line":116,"column":8},"end":{"line":116,"column":8}}]},"8":{"line":121,"type":"if","locations":[{"start":{"line":121,"column":8},"end":{"line":121,"column":8}},{"start":{"line":121,"column":8},"end":{"line":121,"column":8}}]},"9":{"line":138,"type":"if","locations":[{"start":{"line":138,"column":8},"end":{"line":138,"column":8}},{"start":{"line":138,"column":8},"end":{"line":138,"column":8}}]},"10":{"line":145,"type":"if","locations":[{"start":{"line":145,"column":8},"end":{"line":145,"column":8}},{"start":{"line":145,"column":8},"end":{"line":145,"column":8}}]},"11":{"line":146,"type":"if","locations":[{"start":{"line":146,"column":8},"end":{"line":146,"column":8}},{"start":{"line":146,"column":8},"end":{"line":146,"column":8}}]},"12":{"line":170,"type":"if","locations":[{"start":{"line":170,"column":8},"end":{"line":170,"column":8}},{"start":{"line":170,"column":8},"end":{"line":170,"column":8}}]},"13":{"line":180,"type":"if","locations":[{"start":{"line":180,"column":8},"end":{"line":180,"column":8}},{"start":{"line":180,"column":8},"end":{"line":180,"column":8}}]},"14":{"line":181,"type":"if","locations":[{"start":{"line":181,"column":12},"end":{"line":181,"column":12}},{"start":{"line":181,"column":12},"end":{"line":181,"column":12}}]},"15":{"line":195,"type":"if","locations":[{"start":{"line":195,"column":8},"end":{"line":195,"column":8}},{"start":{"line":195,"column":8},"end":{"line":195,"column":8}}]},"16":{"line":196,"type":"if","locations":[{"start":{"line":196,"column":8},"end":{"line":196,"column":8}},{"start":{"line":196,"column":8},"end":{"line":196,"column":8}}]},"17":{"line":198,"type":"if","locations":[{"start":{"line":198,"column":8},"end":{"line":198,"column":8}},{"start":{"line":198,"column":8},"end":{"line":198,"column":8}}]},"18":{"line":209,"type":"if","locations":[{"start":{"line":209,"column":8},"end":{"line":209,"column":8}},{"start":{"line":209,"column":8},"end":{"line":209,"column":8}}]},"19":{"line":211,"type":"if","locations":[{"start":{"line":211,"column":8},"end":{"line":211,"column":8}},{"start":{"line":211,"column":8},"end":{"line":211,"column":8}}]},"20":{"line":212,"type":"if","locations":[{"start":{"line":212,"column":8},"end":{"line":212,"column":8}},{"start":{"line":212,"column":8},"end":{"line":212,"column":8}}]},"21":{"line":222,"type":"if","locations":[{"start":{"line":222,"column":8},"end":{"line":222,"column":8}},{"start":{"line":222,"column":8},"end":{"line":222,"column":8}}]},"22":{"line":231,"type":"if","locations":[{"start":{"line":231,"column":8},"end":{"line":231,"column":8}},{"start":{"line":231,"column":8},"end":{"line":231,"column":8}}]},"23":{"line":232,"type":"if","locations":[{"start":{"line":232,"column":12},"end":{"line":232,"column":12}},{"start":{"line":232,"column":12},"end":{"line":232,"column":12}}]},"24":{"line":242,"type":"if","locations":[{"start":{"line":242,"column":8},"end":{"line":242,"column":8}},{"start":{"line":242,"column":8},"end":{"line":242,"column":8}}]},"25":{"line":273,"type":"if","locations":[{"start":{"line":273,"column":8},"end":{"line":273,"column":8}},{"start":{"line":273,"column":8},"end":{"line":273,"column":8}}]},"26":{"line":284,"type":"if","locations":[{"start":{"line":284,"column":8},"end":{"line":284,"column":8}},{"start":{"line":284,"column":8},"end":{"line":284,"column":8}}]},"27":{"line":295,"type":"if","locations":[{"start":{"line":295,"column":8},"end":{"line":295,"column":8}},{"start":{"line":295,"column":8},"end":{"line":295,"column":8}}]},"28":{"line":315,"type":"if","locations":[{"start":{"line":315,"column":8},"end":{"line":315,"column":8}},{"start":{"line":315,"column":8},"end":{"line":315,"column":8}}]},"29":{"line":342,"type":"if","locations":[{"start":{"line":342,"column":8},"end":{"line":342,"column":8}},{"start":{"line":342,"column":8},"end":{"line":342,"column":8}}]},"30":{"line":343,"type":"if","locations":[{"start":{"line":343,"column":8},"end":{"line":343,"column":8}},{"start":{"line":343,"column":8},"end":{"line":343,"column":8}}]},"31":{"line":347,"type":"if","locations":[{"start":{"line":347,"column":8},"end":{"line":347,"column":8}},{"start":{"line":347,"column":8},"end":{"line":347,"column":8}}]},"32":{"line":351,"type":"if","locations":[{"start":{"line":351,"column":8},"end":{"line":351,"column":8}},{"start":{"line":351,"column":8},"end":{"line":351,"column":8}}]},"33":{"line":359,"type":"if","locations":[{"start":{"line":359,"column":8},"end":{"line":359,"column":8}},{"start":{"line":359,"column":8},"end":{"line":359,"column":8}}]},"34":{"line":360,"type":"if","locations":[{"start":{"line":360,"column":8},"end":{"line":360,"column":8}},{"start":{"line":360,"column":8},"end":{"line":360,"column":8}}]},"35":{"line":367,"type":"if","locations":[{"start":{"line":367,"column":8},"end":{"line":367,"column":8}},{"start":{"line":367,"column":8},"end":{"line":367,"column":8}}]}}}}